Build started 21.jun.2026 00:26:39.
     1>Project "D:\Directories\Documents\Visual Studio 2013\Projects\AeroFlip\AeroFlip\AeroFlip.vcxproj" on node 2 (Build target(s)).
     1>PreBuildEvent:
         cd /d "D:\Directories\Documents\Visual Studio 2013\Projects\AeroFlip\vendor\dxsdk\Lib\x64" && "C:\Program Files (x86)\Microsoft Visual Studio 12.0\Common7\IDE\..\..\VC\bin\lib.exe" /def:d3dx9.def /OUT:d3dx9.lib /MACHINE:x64
         :VCEnd
         Microsoft (R) Library Manager Version 12.00.40629.0
         Copyright (C) Microsoft Corporation.  All rights reserved.
         
            Creating library d3dx9.lib and object d3dx9.exp
       Link:
         C:\Program Files (x86)\Microsoft Visual Studio 12.0\VC\bin\x86_amd64\link.exe /ERRORREPORT:PROMPT /OUT:"D:\Directories\Documents\Visual Studio 2013\Projects\AeroFlip\x64\Deploy\AeroFlip.exe" /INCREMENTAL:NO /NOLOGO d3d9.lib "D:\Directories\Documents\Visual Studio 2013\Projects\AeroFlip\vendor\dxsdk\Lib\x64\d3dx9.lib" kernel32.lib user32.lib gdi32.lib winspool.lib comdlg32.lib advapi32.lib shell32.lib ole32.lib oleaut32.lib uuid.lib odbc32.lib odbccp32.lib /MANIFEST /MANIFESTUAC:"level='asInvoker' uiAccess='true'" /manifest:embed /DEBUG /PDB:"D:\Directories\Documents\Visual Studio 2013\Projects\AeroFlip\x64\Deploy\AeroFlip.pdb" /SUBSYSTEM:WINDOWS /OPT:REF /OPT:ICF /LTCG /TLBID:1 /DYNAMICBASE /NXCOMPAT /IMPLIB:"D:\Directories\Documents\Visual Studio 2013\Projects\AeroFlip\x64\Deploy\AeroFlip.lib" /MACHINE:X64 x64\Deploy\AeroFlip.res
         x64\Deploy\AeroFlip.obj
         x64\Deploy\CD3D9ExRendererApi.obj
         x64\Deploy\CWindowProvider.obj
         x64\Deploy\stdafx.obj
         Generating code
         Finished generating code
         AeroFlip.vcxproj -> D:\Directories\Documents\Visual Studio 2013\Projects\AeroFlip\x64\Deploy\AeroFlip.exe
     1>Done Building Project "D:\Directories\Documents\Visual Studio 2013\Projects\AeroFlip\AeroFlip\AeroFlip.vcxproj" (Build target(s)).

Build succeeded.

Time Elapsed 00:00:01.79
